<?xml version="1.0" encoding="UTF-8"?>
<coverage generated="1558350267189" clover="3.2.0">
  <project timestamp="1558350267189" name="All files">
    <metrics statements="48" coveredstatements="8" conditionals="16" coveredconditionals="1" methods="16" coveredmethods="1" elements="80" coveredelements="10" complexity="0" loc="48" ncloc="48" packages="1" files="1" classes="1"/>
    <file name="helpers.js" path="/home/eddymens/workarea/awe-html-kit/src/helpers.js">
      <metrics statements="48" coveredstatements="8" conditionals="16" coveredconditionals="1" methods="16" coveredmethods="1"/>
      <line num="1" count="1" type="stmt"/>
      <line num="4" count="1" type="stmt"/>
      <line num="6" count="0" type="stmt"/>
      <line num="9" count="0" type="stmt"/>
      <line num="14" count="1" type="stmt"/>
      <line num="16" count="0" type="stmt"/>
      <line num="17" count="0" type="stmt"/>
      <line num="18" count="0" type="cond" truecount="0" falsecount="2"/>
      <line num="24" count="0" type="stmt"/>
      <line num="34" count="0" type="stmt"/>
      <line num="44" count="0" type="stmt"/>
      <line num="54" count="0" type="stmt"/>
      <line num="64" count="0" type="stmt"/>
      <line num="65" count="0" type="stmt"/>
      <line num="68" count="0" type="stmt"/>
      <line num="73" count="0" type="stmt"/>
      <line num="76" count="0" type="cond" truecount="0" falsecount="2"/>
      <line num="77" count="0" type="stmt"/>
      <line num="79" count="0" type="stmt"/>
      <line num="80" count="0" type="stmt"/>
      <line num="81" count="0" type="stmt"/>
      <line num="82" count="0" type="stmt"/>
      <line num="85" count="0" type="stmt"/>
      <line num="86" count="0" type="stmt"/>
      <line num="87" count="0" type="stmt"/>
      <line num="89" count="0" type="cond" truecount="0" falsecount="2"/>
      <line num="90" count="0" type="stmt"/>
      <line num="91" count="0" type="stmt"/>
      <line num="95" count="0" type="stmt"/>
      <line num="98" count="0" type="stmt"/>
      <line num="99" count="0" type="stmt"/>
      <line num="100" count="0" type="stmt"/>
      <line num="103" count="0" type="stmt"/>
      <line num="104" count="0" type="stmt"/>
      <line num="105" count="0" type="stmt"/>
      <line num="106" count="0" type="cond" truecount="0" falsecount="2"/>
      <line num="107" count="0" type="stmt"/>
      <line num="108" count="0" type="stmt"/>
      <line num="109" count="0" type="stmt"/>
      <line num="110" count="0" type="cond" truecount="0" falsecount="2"/>
      <line num="111" count="0" type="cond" truecount="0" falsecount="2"/>
      <line num="113" count="0" type="stmt"/>
      <line num="117" count="0" type="stmt"/>
      <line num="120" count="1" type="stmt"/>
      <line num="121" count="1" type="stmt"/>
      <line num="122" count="3" type="cond" truecount="1" falsecount="1"/>
      <line num="123" count="3" type="stmt"/>
      <line num="125" count="1" type="stmt"/>
    </file>
  </project>
</coverage>
