{"/home/eddymens/workarea/awe-html-kit/src/helpers.js": {"path":"/home/eddymens/workarea/awe-html-kit/src/helpers.js","statementMap":{"0":{"start":{"line":1,"column":14},"end":{"line":1,"column":16}},"1":{"start":{"line":4,"column":0},"end":{"line":11,"column":2}},"2":{"start":{"line":6,"column":4},"end":{"line":6,"column":35}},"3":{"start":{"line":9,"column":4},"end":{"line":9,"column":31}},"4":{"start":{"line":14,"column":0},"end":{"line":127,"column":2}},"5":{"start":{"line":16,"column":24},"end":{"line":16,"column":79}},"6":{"start":{"line":17,"column":4},"end":{"line":21,"column":7}},"7":{"start":{"line":18,"column":6},"end":{"line":20,"column":47}},"8":{"start":{"line":24,"column":4},"end":{"line":31,"column":6}},"9":{"start":{"line":34,"column":4},"end":{"line":41,"column":6}},"10":{"start":{"line":44,"column":4},"end":{"line":51,"column":6}},"11":{"start":{"line":54,"column":4},"end":{"line":61,"column":6}},"12":{"start":{"line":64,"column":19},"end":{"line":64,"column":61}},"13":{"start":{"line":65,"column":4},"end":{"line":65,"column":37}},"14":{"start":{"line":68,"column":4},"end":{"line":70,"column":6}},"15":{"start":{"line":73,"column":18},"end":{"line":75,"column":5}},"16":{"start":{"line":76,"column":4},"end":{"line":78,"column":5}},"17":{"start":{"line":77,"column":6},"end":{"line":77,"column":19}},"18":{"start":{"line":79,"column":4},"end":{"line":79,"column":40}},"19":{"start":{"line":80,"column":4},"end":{"line":80,"column":53}},"20":{"start":{"line":81,"column":4},"end":{"line":81,"column":70}},"21":{"start":{"line":82,"column":4},"end":{"line":82,"column":24}},"22":{"start":{"line":85,"column":20},"end":{"line":85,"column":36}},"23":{"start":{"line":86,"column":20},"end":{"line":86,"column":41}},"24":{"start":{"line":87,"column":21},"end":{"line":87,"column":42}},"25":{"start":{"line":89,"column":6},"end":{"line":89,"column":72}},"26":{"start":{"line":90,"column":16},"end":{"line":90,"column":45}},"27":{"start":{"line":91,"column":4},"end":{"line":94,"column":16}},"28":{"start":{"line":95,"column":4},"end":{"line":95,"column":50}},"29":{"start":{"line":98,"column":21},"end":{"line":98,"column":41}},"30":{"start":{"line":99,"column":14},"end":{"line":99,"column":33}},"31":{"start":{"line":100,"column":4},"end":{"line":100,"column":39}},"32":{"start":{"line":103,"column":17},"end":{"line":103,"column":29}},"33":{"start":{"line":104,"column":12},"end":{"line":104,"column":22}},"34":{"start":{"line":105,"column":14},"end":{"line":105,"column":28}},"35":{"start":{"line":106,"column":4},"end":{"line":107,"column":76}},"36":{"start":{"line":107,"column":6},"end":{"line":107,"column":76}},"37":{"start":{"line":108,"column":4},"end":{"line":112,"column":5}},"38":{"start":{"line":109,"column":14},"end":{"line":109,"column":45}},"39":{"start":{"line":110,"column":6},"end":{"line":110,"column":49}},"40":{"start":{"line":111,"column":6},"end":{"line":111,"column":51}},"41":{"start":{"line":113,"column":4},"end":{"line":113,"column":18}},"42":{"start":{"line":117,"column":4},"end":{"line":117,"column":50}},"43":{"start":{"line":120,"column":14},"end":{"line":120,"column":16}},"44":{"start":{"line":121,"column":4},"end":{"line":124,"column":7}},"45":{"start":{"line":122,"column":6},"end":{"line":124,"column":7}},"46":{"start":{"line":123,"column":8},"end":{"line":123,"column":77}},"47":{"start":{"line":125,"column":4},"end":{"line":125,"column":31}}},"fnMap":{"0":{"name":"(anonymous_0)","decl":{"start":{"line":5,"column":15},"end":{"line":5,"column":16}},"loc":{"start":{"line":5,"column":33},"end":{"line":7,"column":3}},"line":5},"1":{"name":"(anonymous_1)","decl":{"start":{"line":8,"column":15},"end":{"line":8,"column":16}},"loc":{"start":{"line":8,"column":33},"end":{"line":10,"column":3}},"line":8},"2":{"name":"(anonymous_2)","decl":{"start":{"line":15,"column":23},"end":{"line":15,"column":24}},"loc":{"start":{"line":15,"column":70},"end":{"line":22,"column":3}},"line":15},"3":{"name":"(anonymous_3)","decl":{"start":{"line":17,"column":26},"end":{"line":17,"column":27}},"loc":{"start":{"line":17,"column":39},"end":{"line":21,"column":5}},"line":17},"4":{"name":"(anonymous_4)","decl":{"start":{"line":23,"column":16},"end":{"line":23,"column":17}},"loc":{"start":{"line":23,"column":32},"end":{"line":32,"column":3}},"line":23},"5":{"name":"(anonymous_5)","decl":{"start":{"line":33,"column":14},"end":{"line":33,"column":15}},"loc":{"start":{"line":33,"column":30},"end":{"line":42,"column":3}},"line":33},"6":{"name":"(anonymous_6)","decl":{"start":{"line":43,"column":17},"end":{"line":43,"column":18}},"loc":{"start":{"line":43,"column":33},"end":{"line":52,"column":3}},"line":43},"7":{"name":"(anonymous_7)","decl":{"start":{"line":53,"column":17},"end":{"line":53,"column":18}},"loc":{"start":{"line":53,"column":33},"end":{"line":62,"column":3}},"line":53},"8":{"name":"(anonymous_8)","decl":{"start":{"line":63,"column":12},"end":{"line":63,"column":13}},"loc":{"start":{"line":63,"column":45},"end":{"line":66,"column":3}},"line":63},"9":{"name":"(anonymous_9)","decl":{"start":{"line":67,"column":14},"end":{"line":67,"column":15}},"loc":{"start":{"line":67,"column":45},"end":{"line":71,"column":3}},"line":67},"10":{"name":"(anonymous_10)","decl":{"start":{"line":72,"column":25},"end":{"line":72,"column":26}},"loc":{"start":{"line":72,"column":55},"end":{"line":83,"column":3}},"line":72},"11":{"name":"(anonymous_11)","decl":{"start":{"line":84,"column":17},"end":{"line":84,"column":18}},"loc":{"start":{"line":84,"column":54},"end":{"line":96,"column":3}},"line":84},"12":{"name":"(anonymous_12)","decl":{"start":{"line":97,"column":15},"end":{"line":97,"column":16}},"loc":{"start":{"line":97,"column":31},"end":{"line":101,"column":3}},"line":97},"13":{"name":"(anonymous_13)","decl":{"start":{"line":102,"column":16},"end":{"line":102,"column":17}},"loc":{"start":{"line":102,"column":33},"end":{"line":114,"column":3}},"line":102},"14":{"name":"(anonymous_14)","decl":{"start":{"line":116,"column":14},"end":{"line":116,"column":15}},"loc":{"start":{"line":116,"column":52},"end":{"line":118,"column":3}},"line":116},"15":{"name":"(anonymous_15)","decl":{"start":{"line":119,"column":17},"end":{"line":119,"column":18}},"loc":{"start":{"line":119,"column":33},"end":{"line":126,"column":3}},"line":119}},"branchMap":{"0":{"loc":{"start":{"line":18,"column":6},"end":{"line":20,"column":46}},"type":"cond-expr","locations":[{"start":{"line":19,"column":10},"end":{"line":19,"column":46}},{"start":{"line":20,"column":10},"end":{"line":20,"column":46}}],"line":18},"1":{"loc":{"start":{"line":76,"column":4},"end":{"line":78,"column":5}},"type":"if","locations":[{"start":{"line":76,"column":4},"end":{"line":78,"column":5}},{"start":{"line":76,"column":4},"end":{"line":78,"column":5}}],"line":76},"2":{"loc":{"start":{"line":89,"column":6},"end":{"line":89,"column":72}},"type":"cond-expr","locations":[{"start":{"line":89,"column":33},"end":{"line":89,"column":57}},{"start":{"line":89,"column":60},"end":{"line":89,"column":72}}],"line":89},"3":{"loc":{"start":{"line":92,"column":6},"end":{"line":94,"column":15}},"type":"cond-expr","locations":[{"start":{"line":93,"column":10},"end":{"line":93,"column":58}},{"start":{"line":94,"column":10},"end":{"line":94,"column":15}}],"line":92},"4":{"loc":{"start":{"line":106,"column":4},"end":{"line":107,"column":76}},"type":"if","locations":[{"start":{"line":106,"column":4},"end":{"line":107,"column":76}},{"start":{"line":106,"column":4},"end":{"line":107,"column":76}}],"line":106},"5":{"loc":{"start":{"line":110,"column":22},"end":{"line":110,"column":47}},"type":"cond-expr","locations":[{"start":{"line":110,"column":35},"end":{"line":110,"column":43}},{"start":{"line":110,"column":46},"end":{"line":110,"column":47}}],"line":110},"6":{"loc":{"start":{"line":111,"column":17},"end":{"line":111,"column":50}},"type":"cond-expr","locations":[{"start":{"line":111,"column":34},"end":{"line":111,"column":44}},{"start":{"line":111,"column":47},"end":{"line":111,"column":50}}],"line":111},"7":{"loc":{"start":{"line":122,"column":6},"end":{"line":124,"column":7}},"type":"if","locations":[{"start":{"line":122,"column":6},"end":{"line":124,"column":7}},{"start":{"line":122,"column":6},"end":{"line":124,"column":7}}],"line":122}},"s":{"0":1,"1":1,"2":0,"3":0,"4":1,"5":0,"6":0,"7":0,"8":0,"9":0,"10":0,"11":0,"12":0,"13":0,"14":0,"15":0,"16":0,"17":0,"18":0,"19":0,"20":0,"21":0,"22":0,"23":0,"24":0,"25":0,"26":0,"27":0,"28":0,"29":0,"30":0,"31":0,"32":0,"33":0,"34":0,"35":0,"36":0,"37":0,"38":0,"39":0,"40":0,"41":0,"42":0,"43":1,"44":1,"45":3,"46":3,"47":1},"f":{"0":0,"1":0,"2":0,"3":0,"4":0,"5":0,"6":0,"7":0,"8":0,"9":0,"10":0,"11":0,"12":0,"13":0,"14":0,"15":1},"b":{"0":[0,0],"1":[0,0],"2":[0,0],"3":[0,0],"4":[0,0],"5":[0,0],"6":[0,0],"7":[3,0]},"_coverageSchema":"43e27e138ebf9cfc5966b082cf9a028302ed4184","hash":"d9994a8d534156f404a056d1c71f074dd28d98bf"}
}
