TN:
SF:/home/eddymens/workarea/awe-html-kit/src/helpers.js
FN:5,(anonymous_0)
FN:8,(anonymous_1)
FN:15,(anonymous_2)
FN:17,(anonymous_3)
FN:23,(anonymous_4)
FN:33,(anonymous_5)
FN:43,(anonymous_6)
FN:53,(anonymous_7)
FN:63,(anonymous_8)
FN:67,(anonymous_9)
FN:72,(anonymous_10)
FN:84,(anonymous_11)
FN:97,(anonymous_12)
FN:102,(anonymous_13)
FN:116,(anonymous_14)
FN:119,(anonymous_15)
FNF:16
FNH:1
FNDA:0,(anonymous_0)
FNDA:0,(anonymous_1)
FNDA:0,(anonymous_2)
FNDA:0,(anonymous_3)
FNDA:0,(anonymous_4)
FNDA:0,(anonymous_5)
FNDA:0,(anonymous_6)
FNDA:0,(anonymous_7)
FNDA:0,(anonymous_8)
FNDA:0,(anonymous_9)
FNDA:0,(anonymous_10)
FNDA:0,(anonymous_11)
FNDA:0,(anonymous_12)
FNDA:0,(anonymous_13)
FNDA:0,(anonymous_14)
FNDA:1,(anonymous_15)
DA:1,1
DA:4,1
DA:6,0
DA:9,0
DA:14,1
DA:16,0
DA:17,0
DA:18,0
DA:24,0
DA:34,0
DA:44,0
DA:54,0
DA:64,0
DA:65,0
DA:68,0
DA:73,0
DA:76,0
DA:77,0
DA:79,0
DA:80,0
DA:81,0
DA:82,0
DA:85,0
DA:86,0
DA:87,0
DA:89,0
DA:90,0
DA:91,0
DA:95,0
DA:98,0
DA:99,0
DA:100,0
DA:103,0
DA:104,0
DA:105,0
DA:106,0
DA:107,0
DA:108,0
DA:109,0
DA:110,0
DA:111,0
DA:113,0
DA:117,0
DA:120,1
DA:121,1
DA:122,3
DA:123,3
DA:125,1
LF:48
LH:8
BRDA:18,0,0,0
BRDA:18,0,1,0
BRDA:76,1,0,0
BRDA:76,1,1,0
BRDA:89,2,0,0
BRDA:89,2,1,0
BRDA:92,3,0,0
BRDA:92,3,1,0
BRDA:106,4,0,0
BRDA:106,4,1,0
BRDA:110,5,0,0
BRDA:110,5,1,0
BRDA:111,6,0,0
BRDA:111,6,1,0
BRDA:122,7,0,3
BRDA:122,7,1,0
BRF:16
BRH:1
end_of_record
